0 info it worked if it ends with ok
1 verbose cli [ '/Users/admin/.nvm/versions/node/v6.10.3/bin/node',
1 verbose cli   '/Users/admin/.nvm/versions/node/v6.10.3/bin/npm',
1 verbose cli   'run',
1 verbose cli   'dev' ]
2 info using npm@3.10.10
3 info using node@v6.10.3
4 verbose run-script [ 'predev', 'dev', 'postdev' ]
5 info lifecycle my-money-app-frontend@1.0.0~predev: my-money-app-frontend@1.0.0
6 silly lifecycle my-money-app-frontend@1.0.0~predev: no script for predev, continuing
7 info lifecycle my-money-app-frontend@1.0.0~dev: my-money-app-frontend@1.0.0
8 verbose lifecycle my-money-app-frontend@1.0.0~dev: unsafe-perm in lifecycle true
9 verbose lifecycle my-money-app-frontend@1.0.0~dev: PATH: /Users/admin/.nvm/versions/node/v6.10.3/lib/node_modules/npm/bin/node-gyp-bin:/Users/admin/Desktop/reactRedux-Projects/cicloPgtos/frontend/node_modules/.bin:/Users/admin/.rvm/gems/ruby-2.4.0/bin:/Users/admin/.rvm/gems/ruby-2.4.0@global/bin:/Users/admin/.rvm/rubies/ruby-2.4.0/bin:/Users/admin/anaconda/bin:/Users/admin/.nvm/versions/node/v6.10.3/bin:/usr/local/bin:/usr/bin:/bin:/usr/sbin:/sbin:/usr/local/share/dotnet:/Library/Frameworks/Mono.framework/Versions/Current/Commands:/Users/admin/.rvm/bin:/usr/local/mysql/bin:/usr/java/jdk1.8.0_111/bin:/Applications/TEE-CLC-14.0.3:/usr/local/share/dotnet:/Applications/Visual Studio Code.app/Contents/Resources/app/bin
10 verbose lifecycle my-money-app-frontend@1.0.0~dev: CWD: /Users/admin/Desktop/reactRedux-Projects/cicloPgtos/frontend
11 silly lifecycle my-money-app-frontend@1.0.0~dev: Args: [ '-c',
11 silly lifecycle   'webpack-dev-server --progress --colors --inline --hot' ]
12 silly lifecycle my-money-app-frontend@1.0.0~dev: Returned: code: 1  signal: null
13 info lifecycle my-money-app-frontend@1.0.0~dev: Failed to exec dev script
14 verbose stack Error: my-money-app-frontend@1.0.0 dev: `webpack-dev-server --progress --colors --inline --hot`
14 verbose stack Exit status 1
14 verbose stack     at EventEmitter.<anonymous> (/Users/admin/.nvm/versions/node/v6.10.3/lib/node_modules/npm/lib/utils/lifecycle.js:255:16)
14 verbose stack     at emitTwo (events.js:106:13)
14 verbose stack     at EventEmitter.emit (events.js:191:7)
14 verbose stack     at ChildProcess.<anonymous> (/Users/admin/.nvm/versions/node/v6.10.3/lib/node_modules/npm/lib/utils/spawn.js:40:14)
14 verbose stack     at emitTwo (events.js:106:13)
14 verbose stack     at ChildProcess.emit (events.js:191:7)
14 verbose stack     at maybeClose (internal/child_process.js:886:16)
14 verbose stack     at Process.ChildProcess._handle.onexit (internal/child_process.js:226:5)
15 verbose pkgid my-money-app-frontend@1.0.0
16 verbose cwd /Users/admin/Desktop/reactRedux-Projects/cicloPgtos/frontend
17 error Darwin 15.6.0
18 error argv "/Users/admin/.nvm/versions/node/v6.10.3/bin/node" "/Users/admin/.nvm/versions/node/v6.10.3/bin/npm" "run" "dev"
19 error node v6.10.3
20 error npm  v3.10.10
21 error code ELIFECYCLE
22 error my-money-app-frontend@1.0.0 dev: `webpack-dev-server --progress --colors --inline --hot`
22 error Exit status 1
23 error Failed at the my-money-app-frontend@1.0.0 dev script 'webpack-dev-server --progress --colors --inline --hot'.
23 error Make sure you have the latest version of node.js and npm installed.
23 error If you do, this is most likely a problem with the my-money-app-frontend package,
23 error not with npm itself.
23 error Tell the author that this fails on your system:
23 error     webpack-dev-server --progress --colors --inline --hot
23 error You can get information on how to open an issue for this project with:
23 error     npm bugs my-money-app-frontend
23 error Or if that isn't available, you can get their info via:
23 error     npm owner ls my-money-app-frontend
23 error There is likely additional logging output above.
24 verbose exit [ 1, true ]
